Started POST "/users" for 127.0.0.1 at 2023-03-22 15:17:38 +0300
  [1m[35m (16.0ms)[0m  [1m[35mCREATE TABLE "schema_migrations" ("version" varchar NOT NULL PRIMARY KEY)[0m
  [1m[35m (9.6ms)[0m  [1m[35mCREATE TABLE "ar_internal_metadata" ("key" varchar NOT NULL PRIMARY KEY, "value" varchar, "created_at" datetime(6) NOT NULL, "updated_at" datetime(6) NOT NULL)[0m
  [1m[36mActiveRecord::SchemaMigration Pluck (0.5ms)[0m  [1m[34mSELECT "schema_migrations"."version" FROM "schema_migrations" ORDER BY "schema_migrations"."version" ASC[0m
  
ActiveRecord::PendingMigrationError (

Migrations are pending. To resolve this issue, run:

        bin/rails db:migrate RAILS_ENV=development

You have 1 pending migration:

20230322113119_create_users.rb


):
  
activerecord (7.0.4.3) lib/active_record/migration.rb:627:in `check_pending!'
activerecord (7.0.4.3) lib/active_record/migration.rb:592:in `block (2 levels) in call'
activesupport (7.0.4.3) lib/active_support/file_update_checker.rb:83:in `execute'
activerecord (7.0.4.3) lib/active_record/migration.rb:597:in `block in call'
activerecord (7.0.4.3) lib/active_record/migration.rb:589:in `synchronize'
activerecord (7.0.4.3) lib/active_record/migration.rb:589:in `call'
actionpack (7.0.4.3) lib/action_dispatch/middleware/callbacks.rb:27:in `block in call'
activesupport (7.0.4.3) lib/active_support/callbacks.rb:99:in `run_callbacks'
actionpack (7.0.4.3) lib/action_dispatch/middleware/callbacks.rb:26:in `call'
actionpack (7.0.4.3) lib/action_dispatch/middleware/executor.rb:14:in `call'
actionpack (7.0.4.3) lib/action_dispatch/middleware/actionable_exceptions.rb:17:in `call'
actionpack (7.0.4.3) lib/action_dispatch/middleware/debug_exceptions.rb:28:in `call'
actionpack (7.0.4.3) lib/action_dispatch/middleware/show_exceptions.rb:26:in `call'
railties (7.0.4.3) lib/rails/rack/logger.rb:40:in `call_app'
railties (7.0.4.3) lib/rails/rack/logger.rb:25:in `block in call'
activesupport (7.0.4.3) lib/active_support/tagged_logging.rb:99:in `block in tagged'
activesupport (7.0.4.3) lib/active_support/tagged_logging.rb:37:in `tagged'
activesupport (7.0.4.3) lib/active_support/tagged_logging.rb:99:in `tagged'
railties (7.0.4.3) lib/rails/rack/logger.rb:25:in `call'
actionpack (7.0.4.3) lib/action_dispatch/middleware/remote_ip.rb:93:in `call'
actionpack (7.0.4.3) lib/action_dispatch/middleware/request_id.rb:26:in `call'
rack (2.2.6.4) lib/rack/runtime.rb:22:in `call'
activesupport (7.0.4.3) lib/active_support/cache/strategy/local_cache_middleware.rb:29:in `call'
actionpack (7.0.4.3) lib/action_dispatch/middleware/server_timing.rb:61:in `block in call'
actionpack (7.0.4.3) lib/action_dispatch/middleware/server_timing.rb:26:in `collect_events'
actionpack (7.0.4.3) lib/action_dispatch/middleware/server_timing.rb:60:in `call'
actionpack (7.0.4.3) lib/action_dispatch/middleware/executor.rb:14:in `call'
actionpack (7.0.4.3) lib/action_dispatch/middleware/static.rb:23:in `call'
rack (2.2.6.4) lib/rack/sendfile.rb:110:in `call'
actionpack (7.0.4.3) lib/action_dispatch/middleware/host_authorization.rb:137:in `call'
railties (7.0.4.3) lib/rails/engine.rb:530:in `call'
puma (5.6.5) lib/puma/configuration.rb:252:in `call'
puma (5.6.5) lib/puma/request.rb:77:in `block in handle_request'
puma (5.6.5) lib/puma/thread_pool.rb:340:in `with_force_shutdown'
puma (5.6.5) lib/puma/request.rb:76:in `handle_request'
puma (5.6.5) lib/puma/server.rb:443:in `process_client'
puma (5.6.5) lib/puma/thread_pool.rb:147:in `block in spawn_thread'
  [1m[36mActiveRecord::SchemaMigration Pluck (0.1ms)[0m  [1m[34mSELECT "schema_migrations"."version" FROM "schema_migrations" ORDER BY "schema_migrations"."version" ASC[0m
Migrating to CreateUsers (20230322113119)
  [1m[36mTRANSACTION (0.1ms)[0m  [1m[36mbegin transaction[0m
  [1m[35m (0.3ms)[0m  [1m[35mCREATE TABLE "users" ("id" integer PRIMARY KEY AUTOINCREMENT NOT NULL, "username" varchar NOT NULL, "email" varchar NOT NULL, "password_digest" varchar NOT NULL, "created_at" datetime(6) NOT NULL, "updated_at" datetime(6) NOT NULL)[0m
  [1m[36mActiveRecord::SchemaMigration Create (0.3ms)[0m  [1m[32mINSERT INTO "schema_migrations" ("version") VALUES (?)[0m  [["version", "20230322113119"]]
  [1m[36mTRANSACTION (8.3ms)[0m  [1m[36mcommit transaction[0m
  [1m[36mActiveRecord::InternalMetadata Load (0.7ms)[0m  [1m[34mSELECT "ar_internal_metadata".* FROM "ar_internal_metadata" WHERE "ar_internal_metadata"."key" = ? LIMIT ?[0m  [["key", "environment"], ["LIMIT", 1]]
  [1m[36mTRANSACTION (0.1ms)[0m  [1m[36mbegin transaction[0m
  [1m[36mActiveRecord::InternalMetadata Create (0.3ms)[0m  [1m[32mINSERT INTO "ar_internal_metadata" ("key", "value", "created_at", "updated_at") VALUES (?, ?, ?, ?)[0m  [["key", "environment"], ["value", "development"], ["created_at", "2023-03-22 12:18:06.613889"], ["updated_at", "2023-03-22 12:18:06.613889"]]
  [1m[36mTRANSACTION (5.5ms)[0m  [1m[36mcommit transaction[0m
  [1m[36mActiveRecord::SchemaMigration Pluck (0.1ms)[0m  [1m[34mSELECT "schema_migrations"."version" FROM "schema_migrations" ORDER BY "schema_migrations"."version" ASC[0m
Started POST "/users" for 127.0.0.1 at 2023-03-22 15:18:11 +0300
  [1m[36mActiveRecord::SchemaMigration Pluck (0.4ms)[0m  [1m[34mSELECT "schema_migrations"."version" FROM "schema_migrations" ORDER BY "schema_migrations"."version" ASC[0m
  
LoadError (cannot load such file -- bcrypt):
  
app/models/user.rb:2:in `<class:User>'
app/models/user.rb:1:in `<main>'
Started POST "/users" for 127.0.0.1 at 2023-03-22 15:18:33 +0300
  
LoadError (cannot load such file -- bcrypt):
  
app/models/user.rb:2:in `<class:User>'
app/models/user.rb:1:in `<main>'
Started POST "/users" for 127.0.0.1 at 2023-03-22 15:19:55 +0300
  
LoadError (cannot load such file -- bcrypt):
  
app/models/user.rb:2:in `<class:User>'
app/models/user.rb:1:in `<main>'
Started POST "/users" for 127.0.0.1 at 2023-03-22 15:21:20 +0300
  
LoadError (cannot load such file -- bcrypt):
  
app/models/user.rb:2:in `<class:User>'
app/models/user.rb:1:in `<main>'
Started GET "/users" for 127.0.0.1 at 2023-03-22 15:21:54 +0300
  
LoadError (cannot load such file -- bcrypt):
  
app/models/user.rb:2:in `<class:User>'
app/models/user.rb:1:in `<main>'
Started POST "/users" for 127.0.0.1 at 2023-03-22 15:22:18 +0300
  
LoadError (cannot load such file -- bcrypt):
  
app/models/user.rb:2:in `<class:User>'
app/models/user.rb:1:in `<main>'
Started POST "/users" for 127.0.0.1 at 2023-03-22 15:23:02 +0300
  
LoadError (cannot load such file -- bcrypt):
  
app/models/user.rb:2:in `<class:User>'
app/models/user.rb:1:in `<main>'
Started POST "/users" for 127.0.0.1 at 2023-03-22 15:25:32 +0300
  
LoadError (cannot load such file -- bcrypt):
  
app/models/user.rb:2:in `<class:User>'
app/models/user.rb:1:in `<main>'
Started POST "/users" for 127.0.0.1 at 2023-03-22 15:26:06 +0300
  [1m[36mActiveRecord::SchemaMigration Pluck (0.7ms)[0m  [1m[34mSELECT "schema_migrations"."version" FROM "schema_migrations" ORDER BY "schema_migrations"."version" ASC[0m
Processing by UsersController#register as */*
  Parameters: {"username"=>"Ramadhan", "email"=>"changawamasha446@gmail.com", "password"=>"[FILTERED]", "user"=>{"username"=>"Ramadhan", "email"=>"changawamasha446@gmail.com"}}
[31mUnpermitted parameter: :user. Context: { controller: UsersController, action: register, request: #<ActionDispatch::Request:0x00007f1ba0178b40>, params: {"username"=>"Ramadhan", "email"=>"changawamasha446@gmail.com", "password"=>"[FILTERED]", "controller"=>"users", "action"=>"register", "user"=>{"username"=>"Ramadhan", "email"=>"changawamasha446@gmail.com"}} }[0m
  [1m[36mTRANSACTION (0.2ms)[0m  [1m[36mbegin transaction[0m
  ↳ app/controllers/users_controller.rb:3:in `register'
  [1m[36mUser Exists? (0.5ms)[0m  [1m[34mSELECT 1 AS one FROM "users" WHERE "users"."username" = ? LIMIT ?[0m  [["username", "Ramadhan"], ["LIMIT", 1]]
  ↳ app/controllers/users_controller.rb:3:in `register'
  [1m[36mUser Exists? (0.3ms)[0m  [1m[34mSELECT 1 AS one FROM "users" WHERE "users"."email" = ? LIMIT ?[0m  [["email", "changawamasha446@gmail.com"], ["LIMIT", 1]]
  ↳ app/controllers/users_controller.rb:3:in `register'
  [1m[36mUser Create (0.7ms)[0m  [1m[32mINSERT INTO "users" ("username", "email", "password_digest", "created_at", "updated_at") VALUES (?, ?, ?, ?, ?)[0m  [["username", "Ramadhan"], ["email", "changawamasha446@gmail.com"], ["password_digest", "[FILTERED]"], ["created_at", "2023-03-22 12:26:07.930936"], ["updated_at", "2023-03-22 12:26:07.930936"]]
  ↳ app/controllers/users_controller.rb:3:in `register'
  [1m[36mTRANSACTION (14.5ms)[0m  [1m[36mcommit transaction[0m
  ↳ app/controllers/users_controller.rb:3:in `register'
  [1m[36mUser Exists? (0.5ms)[0m  [1m[34mSELECT 1 AS one FROM "users" WHERE "users"."username" = ? AND "users"."id" != ? LIMIT ?[0m  [["username", "Ramadhan"], ["id", 1], ["LIMIT", 1]]
  ↳ app/controllers/users_controller.rb:4:in `register'
  [1m[36mUser Exists? (0.4ms)[0m  [1m[34mSELECT 1 AS one FROM "users" WHERE "users"."email" = ? AND "users"."id" != ? LIMIT ?[0m  [["email", "changawamasha446@gmail.com"], ["id", 1], ["LIMIT", 1]]
  ↳ app/controllers/users_controller.rb:4:in `register'
Completed 201 Created in 1123ms (Views: 1.9ms | ActiveRecord: 20.0ms | Allocations: 42170)


Started POST "/users" for 127.0.0.1 at 2023-03-22 15:26:48 +0300
Processing by UsersController#register as */*
  Parameters: {"username"=>"Masha", "email"=>"changawamasha476@gmail.com", "password"=>"[FILTERED]", "user"=>{"username"=>"Masha", "email"=>"changawamasha476@gmail.com"}}
[31mUnpermitted parameter: :user. Context: { controller: UsersController, action: register, request: #<ActionDispatch::Request:0x00007f1b88013178>, params: {"username"=>"Masha", "email"=>"changawamasha476@gmail.com", "password"=>"[FILTERED]", "controller"=>"users", "action"=>"register", "user"=>{"username"=>"Masha", "email"=>"changawamasha476@gmail.com"}} }[0m
  [1m[36mTRANSACTION (0.2ms)[0m  [1m[36mbegin transaction[0m
  ↳ app/controllers/users_controller.rb:3:in `register'
  [1m[36mUser Exists? (0.5ms)[0m  [1m[34mSELECT 1 AS one FROM "users" WHERE "users"."username" = ? LIMIT ?[0m  [["username", "Masha"], ["LIMIT", 1]]
  ↳ app/controllers/users_controller.rb:3:in `register'
  [1m[36mUser Exists? (0.4ms)[0m  [1m[34mSELECT 1 AS one FROM "users" WHERE "users"."email" = ? LIMIT ?[0m  [["email", "changawamasha476@gmail.com"], ["LIMIT", 1]]
  ↳ app/controllers/users_controller.rb:3:in `register'
  [1m[36mUser Create (1.0ms)[0m  [1m[32mINSERT INTO "users" ("username", "email", "password_digest", "created_at", "updated_at") VALUES (?, ?, ?, ?, ?)[0m  [["username", "Masha"], ["email", "changawamasha476@gmail.com"], ["password_digest", "[FILTERED]"], ["created_at", "2023-03-22 12:26:50.065190"], ["updated_at", "2023-03-22 12:26:50.065190"]]
  ↳ app/controllers/users_controller.rb:3:in `register'
  [1m[36mTRANSACTION (6.9ms)[0m  [1m[36mcommit transaction[0m
  ↳ app/controllers/users_controller.rb:3:in `register'
  [1m[36mUser Exists? (0.6ms)[0m  [1m[34mSELECT 1 AS one FROM "users" WHERE "users"."username" = ? AND "users"."id" != ? LIMIT ?[0m  [["username", "Masha"], ["id", 2], ["LIMIT", 1]]
  ↳ app/controllers/users_controller.rb:4:in `register'
  [1m[36mUser Exists? (0.6ms)[0m  [1m[34mSELECT 1 AS one FROM "users" WHERE "users"."email" = ? AND "users"."id" != ? LIMIT ?[0m  [["email", "changawamasha476@gmail.com"], ["id", 2], ["LIMIT", 1]]
  ↳ app/controllers/users_controller.rb:4:in `register'
Completed 201 Created in 1099ms (Views: 1.5ms | ActiveRecord: 10.2ms | Allocations: 4596)


Started POST "/users" for 127.0.0.1 at 2023-03-22 15:27:29 +0300
Processing by UsersController#register as */*
  Parameters: {"username"=>"Adams", "email"=>"changawaadams98@gmail.com", "password"=>"[FILTERED]", "user"=>{"username"=>"Adams", "email"=>"changawaadams98@gmail.com"}}
[31mUnpermitted parameter: :user. Context: { controller: UsersController, action: register, request: #<ActionDispatch::Request:0x00007f1b80010d90>, params: {"username"=>"Adams", "email"=>"changawaadams98@gmail.com", "password"=>"[FILTERED]", "controller"=>"users", "action"=>"register", "user"=>{"username"=>"Adams", "email"=>"changawaadams98@gmail.com"}} }[0m
  [1m[36mTRANSACTION (0.1ms)[0m  [1m[36mbegin transaction[0m
  ↳ app/controllers/users_controller.rb:3:in `register'
  [1m[36mUser Exists? (0.3ms)[0m  [1m[34mSELECT 1 AS one FROM "users" WHERE "users"."username" = ? LIMIT ?[0m  [["username", "Adams"], ["LIMIT", 1]]
  ↳ app/controllers/users_controller.rb:3:in `register'
  [1m[36mUser Exists? (0.3ms)[0m  [1m[34mSELECT 1 AS one FROM "users" WHERE "users"."email" = ? LIMIT ?[0m  [["email", "changawaadams98@gmail.com"], ["LIMIT", 1]]
  ↳ app/controllers/users_controller.rb:3:in `register'
  [1m[36mUser Create (0.4ms)[0m  [1m[32mINSERT INTO "users" ("username", "email", "password_digest", "created_at", "updated_at") VALUES (?, ?, ?, ?, ?)[0m  [["username", "Adams"], ["email", "changawaadams98@gmail.com"], ["password_digest", "[FILTERED]"], ["created_at", "2023-03-22 12:27:30.388304"], ["updated_at", "2023-03-22 12:27:30.388304"]]
  ↳ app/controllers/users_controller.rb:3:in `register'
  [1m[36mTRANSACTION (13.7ms)[0m  [1m[36mcommit transaction[0m
  ↳ app/controllers/users_controller.rb:3:in `register'
  [1m[36mUser Exists? (0.6ms)[0m  [1m[34mSELECT 1 AS one FROM "users" WHERE "users"."username" = ? AND "users"."id" != ? LIMIT ?[0m  [["username", "Adams"], ["id", 3], ["LIMIT", 1]]
  ↳ app/controllers/users_controller.rb:4:in `register'
  [1m[36mUser Exists? (0.5ms)[0m  [1m[34mSELECT 1 AS one FROM "users" WHERE "users"."email" = ? AND "users"."id" != ? LIMIT ?[0m  [["email", "changawaadams98@gmail.com"], ["id", 3], ["LIMIT", 1]]
  ↳ app/controllers/users_controller.rb:4:in `register'
Completed 201 Created in 997ms (Views: 1.2ms | ActiveRecord: 16.0ms | Allocations: 4592)


Started GET "/users" for 127.0.0.1 at 2023-03-22 15:27:40 +0300
Processing by UsersController#index as */*
  [1m[36mUser Load (0.4ms)[0m  [1m[34mSELECT "users".* FROM "users"[0m
  ↳ app/controllers/users_controller.rb:13:in `index'
Completed 200 OK in 6ms (Views: 5.3ms | ActiveRecord: 0.4ms | Allocations: 1081)


  [1m[36mActiveRecord::SchemaMigration Pluck (0.1ms)[0m  [1m[34mSELECT "schema_migrations"."version" FROM "schema_migrations" ORDER BY "schema_migrations"."version" ASC[0m
Migrating to CreateTodos (20230322123500)
  [1m[36mTRANSACTION (0.1ms)[0m  [1m[36mbegin transaction[0m
  [1m[35m (0.3ms)[0m  [1m[35mCREATE TABLE "todos" ("id" integer PRIMARY KEY AUTOINCREMENT NOT NULL, "title" varchar NOT NULL, "description" text NOT NULL, "status" integer DEFAULT 0 NOT NULL, "priority" varchar DEFAULT '0' NOT NULL, "created_at" datetime(6) NOT NULL, "updated_at" datetime(6) NOT NULL)[0m
  [1m[36mActiveRecord::SchemaMigration Create (0.3ms)[0m  [1m[32mINSERT INTO "schema_migrations" ("version") VALUES (?)[0m  [["version", "20230322123500"]]
  [1m[36mTRANSACTION (16.6ms)[0m  [1m[36mcommit transaction[0m
  [1m[36mActiveRecord::InternalMetadata Load (0.7ms)[0m  [1m[34mSELECT "ar_internal_metadata".* FROM "ar_internal_metadata" WHERE "ar_internal_metadata"."key" = ? LIMIT ?[0m  [["key", "environment"], ["LIMIT", 1]]
  [1m[36mActiveRecord::SchemaMigration Pluck (0.1ms)[0m  [1m[34mSELECT "schema_migrations"."version" FROM "schema_migrations" ORDER BY "schema_migrations"."version" ASC[0m
Started POST "/todos" for 127.0.0.1 at 2023-03-22 15:49:18 +0300
  [1m[36mActiveRecord::SchemaMigration Pluck (0.3ms)[0m  [1m[34mSELECT "schema_migrations"."version" FROM "schema_migrations" ORDER BY "schema_migrations"."version" ASC[0m
Processing by TodosController#create as */*
  Parameters: {"title"=>"Practice coding", "description"=>"Revise on cookies and sessions", "todo"=>{"title"=>"Practice coding", "description"=>"Revise on cookies and sessions"}}
[31mUnpermitted parameter: :todo. Context: { controller: TodosController, action: create, request: #<ActionDispatch::Request:0x00007f1b8c0d43b0>, params: {"title"=>"Practice coding", "description"=>"Revise on cookies and sessions", "controller"=>"todos", "action"=>"create", "todo"=>{"title"=>"Practice coding", "description"=>"Revise on cookies and sessions"}} }[0m
  [1m[36mTRANSACTION (0.1ms)[0m  [1m[36mbegin transaction[0m
  ↳ app/controllers/todos_controller.rb:4:in `create'
  [1m[36mTodo Create (1.2ms)[0m  [1m[32mINSERT INTO "todos" ("title", "description", "status", "priority", "created_at", "updated_at") VALUES (?, ?, ?, ?, ?, ?)[0m  [["title", "Practice coding"], ["description", "Revise on cookies and sessions"], ["status", 0], ["priority", nil], ["created_at", "2023-03-22 12:49:18.342359"], ["updated_at", "2023-03-22 12:49:18.342359"]]
  ↳ app/controllers/todos_controller.rb:4:in `create'
  [1m[36mTRANSACTION (0.2ms)[0m  [1m[31mrollback transaction[0m
  ↳ app/controllers/todos_controller.rb:4:in `create'
Completed 500 Internal Server Error in 49ms (ActiveRecord: 4.1ms | Allocations: 16554)


  
ActiveRecord::NotNullViolation (SQLite3::ConstraintException: NOT NULL constraint failed: todos.priority):
  
app/controllers/todos_controller.rb:4:in `create'
Started POST "/todos" for 127.0.0.1 at 2023-03-22 15:50:04 +0300
  [1m[36mActiveRecord::SchemaMigration Pluck (0.4ms)[0m  [1m[34mSELECT "schema_migrations"."version" FROM "schema_migrations" ORDER BY "schema_migrations"."version" ASC[0m
Processing by TodosController#create as */*
  Parameters: {"title"=>"Practice coding", "description"=>"Revise on cookies and sessions", "todo"=>{"title"=>"Practice coding", "description"=>"Revise on cookies and sessions"}}
[31mUnpermitted parameter: :todo. Context: { controller: TodosController, action: create, request: #<ActionDispatch::Request:0x00007f1b9101e038>, params: {"title"=>"Practice coding", "description"=>"Revise on cookies and sessions", "controller"=>"todos", "action"=>"create", "todo"=>{"title"=>"Practice coding", "description"=>"Revise on cookies and sessions"}} }[0m
  [1m[36mTRANSACTION (0.1ms)[0m  [1m[36mbegin transaction[0m
  ↳ app/controllers/todos_controller.rb:4:in `create'
  [1m[36mTodo Create (1.2ms)[0m  [1m[32mINSERT INTO "todos" ("title", "description", "status", "priority", "created_at", "updated_at") VALUES (?, ?, ?, ?, ?, ?)[0m  [["title", "Practice coding"], ["description", "Revise on cookies and sessions"], ["status", 0], ["priority", "0"], ["created_at", "2023-03-22 12:50:05.128333"], ["updated_at", "2023-03-22 12:50:05.128333"]]
  ↳ app/controllers/todos_controller.rb:4:in `create'
  [1m[36mTRANSACTION (10.0ms)[0m  [1m[36mcommit transaction[0m
  ↳ app/controllers/todos_controller.rb:4:in `create'
Completed 500 Internal Server Error in 54ms (ActiveRecord: 13.1ms | Allocations: 5307)


  
NameError (undefined local variable or method `user' for #<TodosController:0x0000000000fbe0>
Did you mean?  super):
  
app/controllers/todos_controller.rb:6:in `create'
Started POST "/todos" for 127.0.0.1 at 2023-03-22 15:50:29 +0300
Processing by TodosController#create as */*
  Parameters: {"title"=>"Practice coding", "description"=>"Revise on cookies and sessions", "todo"=>{"title"=>"Practice coding", "description"=>"Revise on cookies and sessions"}}
[31mUnpermitted parameter: :todo. Context: { controller: TodosController, action: create, request: #<ActionDispatch::Request:0x00007f1b90fbe7c8>, params: {"title"=>"Practice coding", "description"=>"Revise on cookies and sessions", "controller"=>"todos", "action"=>"create", "todo"=>{"title"=>"Practice coding", "description"=>"Revise on cookies and sessions"}} }[0m
  [1m[36mTRANSACTION (0.2ms)[0m  [1m[36mbegin transaction[0m
  ↳ app/controllers/todos_controller.rb:4:in `create'
  [1m[36mTodo Create (1.1ms)[0m  [1m[32mINSERT INTO "todos" ("title", "description", "status", "priority", "created_at", "updated_at") VALUES (?, ?, ?, ?, ?, ?)[0m  [["title", "Practice coding"], ["description", "Revise on cookies and sessions"], ["status", 0], ["priority", "0"], ["created_at", "2023-03-22 12:50:29.877986"], ["updated_at", "2023-03-22 12:50:29.877986"]]
  ↳ app/controllers/todos_controller.rb:4:in `create'
  [1m[36mTRANSACTION (6.8ms)[0m  [1m[36mcommit transaction[0m
  ↳ app/controllers/todos_controller.rb:4:in `create'
Completed 201 Created in 31ms (Views: 1.4ms | ActiveRecord: 11.2ms | Allocations: 3512)


Started POST "/todos" for 127.0.0.1 at 2023-03-22 15:51:24 +0300
  [1m[36mActiveRecord::SchemaMigration Pluck (0.3ms)[0m  [1m[34mSELECT "schema_migrations"."version" FROM "schema_migrations" ORDER BY "schema_migrations"."version" ASC[0m
Processing by TodosController#create as */*
  Parameters: {"title"=>"Learn new recipes", "description"=>"Browse the network for some new recipes", "todo"=>{"title"=>"Learn new recipes", "description"=>"Browse the network for some new recipes"}}
[31mUnpermitted parameter: :todo. Context: { controller: TodosController, action: create, request: #<ActionDispatch::Request:0x00007f1b8c093a40>, params: {"title"=>"Learn new recipes", "description"=>"Browse the network for some new recipes", "controller"=>"todos", "action"=>"create", "todo"=>{"title"=>"Learn new recipes", "description"=>"Browse the network for some new recipes"}} }[0m
  [1m[36mTRANSACTION (0.2ms)[0m  [1m[36mbegin transaction[0m
  ↳ app/controllers/todos_controller.rb:4:in `create'
  [1m[36mTodo Create (1.8ms)[0m  [1m[32mINSERT INTO "todos" ("title", "description", "status", "priority", "created_at", "updated_at") VALUES (?, ?, ?, ?, ?, ?)[0m  [["title", "Learn new recipes"], ["description", "Browse the network for some new recipes"], ["status", 0], ["priority", nil], ["created_at", "2023-03-22 12:51:24.350208"], ["updated_at", "2023-03-22 12:51:24.350208"]]
  ↳ app/controllers/todos_controller.rb:4:in `create'
  [1m[36mTRANSACTION (0.2ms)[0m  [1m[31mrollback transaction[0m
  ↳ app/controllers/todos_controller.rb:4:in `create'
Completed 500 Internal Server Error in 26ms (ActiveRecord: 4.2ms | Allocations: 3463)


  
ActiveRecord::NotNullViolation (SQLite3::ConstraintException: NOT NULL constraint failed: todos.priority):
  
app/controllers/todos_controller.rb:4:in `create'
Started POST "/todos" for 127.0.0.1 at 2023-03-22 15:51:51 +0300
Processing by TodosController#create as */*
  Parameters: {"title"=>"Learn new recipes", "description"=>"Browse the network for some new recipes", "todo"=>{"title"=>"Learn new recipes", "description"=>"Browse the network for some new recipes"}}
[31mUnpermitted parameter: :todo. Context: { controller: TodosController, action: create, request: #<ActionDispatch::Request:0x000056512bfa2e18>, params: {"title"=>"Learn new recipes", "description"=>"Browse the network for some new recipes", "controller"=>"todos", "action"=>"create", "todo"=>{"title"=>"Learn new recipes", "description"=>"Browse the network for some new recipes"}} }[0m
  [1m[36mTRANSACTION (0.3ms)[0m  [1m[36mbegin transaction[0m
  ↳ app/controllers/todos_controller.rb:4:in `create'
  [1m[36mTodo Create (1.4ms)[0m  [1m[32mINSERT INTO "todos" ("title", "description", "status", "priority", "created_at", "updated_at") VALUES (?, ?, ?, ?, ?, ?)[0m  [["title", "Learn new recipes"], ["description", "Browse the network for some new recipes"], ["status", 0], ["priority", "0"], ["created_at", "2023-03-22 12:51:51.261789"], ["updated_at", "2023-03-22 12:51:51.261789"]]
  ↳ app/controllers/todos_controller.rb:4:in `create'
  [1m[36mTRANSACTION (6.7ms)[0m  [1m[36mcommit transaction[0m
  ↳ app/controllers/todos_controller.rb:4:in `create'
Completed 201 Created in 48ms (Views: 2.1ms | ActiveRecord: 12.4ms | Allocations: 3498)


Started POST "/todos" for 127.0.0.1 at 2023-03-22 15:52:52 +0300
Processing by TodosController#create as */*
  Parameters: {"title"=>"Do laundry", "description"=>"Wash my clothes early Saturday morning", "todo"=>{"title"=>"Do laundry", "description"=>"Wash my clothes early Saturday morning"}}
[31mUnpermitted parameter: :todo. Context: { controller: TodosController, action: create, request: #<ActionDispatch::Request:0x000056512bdd63c8>, params: {"title"=>"Do laundry", "description"=>"Wash my clothes early Saturday morning", "controller"=>"todos", "action"=>"create", "todo"=>{"title"=>"Do laundry", "description"=>"Wash my clothes early Saturday morning"}} }[0m
  [1m[36mTRANSACTION (0.2ms)[0m  [1m[36mbegin transaction[0m
  ↳ app/controllers/todos_controller.rb:4:in `create'
  [1m[36mTodo Create (1.0ms)[0m  [1m[32mINSERT INTO "todos" ("title", "description", "status", "priority", "created_at", "updated_at") VALUES (?, ?, ?, ?, ?, ?)[0m  [["title", "Do laundry"], ["description", "Wash my clothes early Saturday morning"], ["status", 0], ["priority", "0"], ["created_at", "2023-03-22 12:52:52.919106"], ["updated_at", "2023-03-22 12:52:52.919106"]]
  ↳ app/controllers/todos_controller.rb:4:in `create'
  [1m[36mTRANSACTION (14.7ms)[0m  [1m[36mcommit transaction[0m
  ↳ app/controllers/todos_controller.rb:4:in `create'
Completed 201 Created in 40ms (Views: 1.5ms | ActiveRecord: 15.8ms | Allocations: 1918)


Started GET "/todos" for 127.0.0.1 at 2023-03-22 15:53:01 +0300
  
ActionController::RoutingError (No route matches [GET] "/todos"):
  
  [1m[36mActiveRecord::SchemaMigration Pluck (0.2ms)[0m  [1m[34mSELECT "schema_migrations"."version" FROM "schema_migrations" ORDER BY "schema_migrations"."version" ASC[0m
  [1m[36mActiveRecord::InternalMetadata Load (0.1ms)[0m  [1m[34mSELECT "ar_internal_metadata".* FROM "ar_internal_metadata" WHERE "ar_internal_metadata"."key" = ? LIMIT ?[0m  [["key", "environment"], ["LIMIT", 1]]
  [1m[36mActiveRecord::SchemaMigration Pluck (0.3ms)[0m  [1m[34mSELECT "schema_migrations"."version" FROM "schema_migrations" ORDER BY "schema_migrations"."version" ASC[0m
Started GET "/todos" for 127.0.0.1 at 2023-03-22 15:54:45 +0300
Processing by TodosController#index as */*
  [1m[36mTodo Load (0.4ms)[0m  [1m[34mSELECT "todos".* FROM "todos"[0m
  ↳ app/controllers/todos_controller.rb:14:in `index'
Completed 200 OK in 29ms (Views: 23.1ms | ActiveRecord: 3.5ms | Allocations: 3704)


Started GET "/users" for 127.0.0.1 at 2023-03-22 15:55:48 +0300
Processing by UsersController#index as HTML
  [1m[36mUser Load (0.3ms)[0m  [1m[34mSELECT "users".* FROM "users"[0m
  ↳ app/controllers/users_controller.rb:13:in `index'
Completed 200 OK in 13ms (Views: 8.0ms | ActiveRecord: 1.6ms | Allocations: 3186)


Started GET "/todos" for 127.0.0.1 at 2023-03-22 15:55:53 +0300
Processing by TodosController#index as HTML
  [1m[36mTodo Load (0.2ms)[0m  [1m[34mSELECT "todos".* FROM "todos"[0m
  ↳ app/controllers/todos_controller.rb:14:in `index'
Completed 200 OK in 5ms (Views: 4.3ms | ActiveRecord: 0.2ms | Allocations: 1137)


Started GET "/users/login/check" for 127.0.0.1 at 2023-03-23 10:45:21 +0300
  [1m[36mActiveRecord::SchemaMigration Pluck (0.2ms)[0m  [1m[34mSELECT "schema_migrations"."version" FROM "schema_migrations" ORDER BY "schema_migrations"."version" ASC[0m
Processing by UsersController#check_login_status as */*
Completed 500 Internal Server Error in 8ms (ActiveRecord: 0.0ms | Allocations: 1304)


  
NoMethodError (undefined method `-' for nil:NilClass):
  
app/controllers/application_controller.rb:25:in `session_expired?'
Started GET "/users/login/check" for 127.0.0.1 at 2023-03-23 10:49:29 +0300
  
SyntaxError (/home/nick/development/code/phase-4/TodoApp/api/app/controllers/application_controller.rb:33: syntax error, unexpected end-of-input, expecting `end'):
  
app/controllers/application_controller.rb:33: syntax error, unexpected end-of-input, expecting `end'
app/controllers/application_controller.rb:33: syntax error, unexpected end-of-input, expecting `end'
app/controllers/users_controller.rb:1:in `<main>'
Started GET "/users/login/check" for 127.0.0.1 at 2023-03-23 10:51:01 +0300
  
SyntaxError (/home/nick/development/code/phase-4/TodoApp/api/app/controllers/application_controller.rb:31: syntax error, unexpected '}', expecting =>
...ease login again to continue' })
...                              ^
):
  
app/controllers/application_controller.rb:31: syntax error, unexpected '}', expecting =>
app/controllers/application_controller.rb:31: syntax error, unexpected '}', expecting =>
app/controllers/users_controller.rb:1:in `<main>'
Started GET "/users/login/check" for 127.0.0.1 at 2023-03-23 10:52:34 +0300
Processing by UsersController#check_login_status as */*
Filter chain halted as :session_expired? rendered or redirected
Completed 401 Unauthorized in 1ms (Views: 0.2ms | Allocations: 835)


Started POST "/users" for 127.0.0.1 at 2023-03-23 10:54:26 +0300
Processing by UsersController#register as */*
  Parameters: {"username"=>"Christine", "password"=>"[FILTERED]", "email"=>"osedo@gmail.com", "user"=>{"username"=>"Christine", "email"=>"osedo@gmail.com"}}
[31mUnpermitted parameter: :user. Context: { controller: UsersController, action: register, request: #<ActionDispatch::Request:0x00007fac04c0d188>, params: {"username"=>"Christine", "password"=>"[FILTERED]", "email"=>"osedo@gmail.com", "controller"=>"users", "action"=>"register", "user"=>{"username"=>"Christine", "email"=>"osedo@gmail.com"}} }[0m
  [1m[36mTRANSACTION (0.1ms)[0m  [1m[36mbegin transaction[0m
  ↳ app/controllers/users_controller.rb:6:in `register'
  [1m[36mUser Exists? (0.2ms)[0m  [1m[34mSELECT 1 AS one FROM "users" WHERE "users"."username" = ? LIMIT ?[0m  [["username", "Christine"], ["LIMIT", 1]]
  ↳ app/controllers/users_controller.rb:6:in `register'
  [1m[36mUser Exists? (0.2ms)[0m  [1m[34mSELECT 1 AS one FROM "users" WHERE "users"."email" = ? LIMIT ?[0m  [["email", "osedo@gmail.com"], ["LIMIT", 1]]
  ↳ app/controllers/users_controller.rb:6:in `register'
  [1m[36mTRANSACTION (0.2ms)[0m  [1m[31mrollback transaction[0m
  ↳ app/controllers/users_controller.rb:6:in `register'
  [1m[36mUser Exists? (0.3ms)[0m  [1m[34mSELECT 1 AS one FROM "users" WHERE "users"."username" = ? LIMIT ?[0m  [["username", "Christine"], ["LIMIT", 1]]
  ↳ app/controllers/users_controller.rb:7:in `register'
  [1m[36mUser Exists? (0.2ms)[0m  [1m[34mSELECT 1 AS one FROM "users" WHERE "users"."email" = ? LIMIT ?[0m  [["email", "osedo@gmail.com"], ["LIMIT", 1]]
  ↳ app/controllers/users_controller.rb:7:in `register'
Completed 422 Unprocessable Entity in 380ms (Views: 11.4ms | ActiveRecord: 4.5ms | Allocations: 41983)


Started POST "/users" for 127.0.0.1 at 2023-03-23 10:54:52 +0300
Processing by UsersController#register as */*
  Parameters: {"username"=>"Osedo", "password"=>"[FILTERED]", "email"=>"osedo@gmail.com", "user"=>{"username"=>"Osedo", "email"=>"osedo@gmail.com"}}
[31mUnpermitted parameter: :user. Context: { controller: UsersController, action: register, request: #<ActionDispatch::Request:0x000055deb1c660e8>, params: {"username"=>"Osedo", "password"=>"[FILTERED]", "email"=>"osedo@gmail.com", "controller"=>"users", "action"=>"register", "user"=>{"username"=>"Osedo", "email"=>"osedo@gmail.com"}} }[0m
  [1m[36mTRANSACTION (0.1ms)[0m  [1m[36mbegin transaction[0m
  ↳ app/controllers/users_controller.rb:6:in `register'
  [1m[36mUser Exists? (0.2ms)[0m  [1m[34mSELECT 1 AS one FROM "users" WHERE "users"."username" = ? LIMIT ?[0m  [["username", "Osedo"], ["LIMIT", 1]]
  ↳ app/controllers/users_controller.rb:6:in `register'
  [1m[36mUser Exists? (0.2ms)[0m  [1m[34mSELECT 1 AS one FROM "users" WHERE "users"."email" = ? LIMIT ?[0m  [["email", "osedo@gmail.com"], ["LIMIT", 1]]
  ↳ app/controllers/users_controller.rb:6:in `register'
  [1m[36mUser Create (0.4ms)[0m  [1m[32mINSERT INTO "users" ("username", "email", "password_digest", "created_at", "updated_at") VALUES (?, ?, ?, ?, ?)[0m  [["username", "Osedo"], ["email", "osedo@gmail.com"], ["password_digest", "[FILTERED]"], ["created_at", "2023-03-23 07:54:52.508785"], ["updated_at", "2023-03-23 07:54:52.508785"]]
  ↳ app/controllers/users_controller.rb:6:in `register'
  [1m[36mTRANSACTION (13.4ms)[0m  [1m[36mcommit transaction[0m
  ↳ app/controllers/users_controller.rb:6:in `register'
  [1m[36mUser Exists? (0.2ms)[0m  [1m[34mSELECT 1 AS one FROM "users" WHERE "users"."username" = ? AND "users"."id" != ? LIMIT ?[0m  [["username", "Osedo"], ["id", 4], ["LIMIT", 1]]
  ↳ app/controllers/users_controller.rb:7:in `register'
  [1m[36mUser Exists? (0.2ms)[0m  [1m[34mSELECT 1 AS one FROM "users" WHERE "users"."email" = ? AND "users"."id" != ? LIMIT ?[0m  [["email", "osedo@gmail.com"], ["id", 4], ["LIMIT", 1]]
  ↳ app/controllers/users_controller.rb:7:in `register'
Completed 201 Created in 370ms (Views: 0.6ms | ActiveRecord: 14.7ms | Allocations: 4715)


Started POST "/users/login" for 127.0.0.1 at 2023-03-23 10:55:02 +0300
Processing by UsersController#login as */*
  Parameters: {"username"=>"Osedo", "password"=>"[FILTERED]", "email"=>"osedo@gmail.com", "user"=>{"username"=>"Osedo", "email"=>"osedo@gmail.com"}}
[31mUnpermitted parameter: :user. Context: { controller: UsersController, action: login, request: #<ActionDispatch::Request:0x00007fac04425538>, params: {"username"=>"Osedo", "password"=>"[FILTERED]", "email"=>"osedo@gmail.com", "controller"=>"users", "action"=>"login", "user"=>{"username"=>"Osedo", "email"=>"osedo@gmail.com"}} }[0m
[31mUnpermitted parameter: :user. Context: { controller: UsersController, action: login, request: #<ActionDispatch::Request:0x00007fac04425538>, params: {"username"=>"Osedo", "password"=>"[FILTERED]", "email"=>"osedo@gmail.com", "controller"=>"users", "action"=>"login", "user"=>{"username"=>"Osedo", "email"=>"osedo@gmail.com"}} }[0m
  [1m[36mUser Load (0.3ms)[0m  [1m[34mSELECT "users".* FROM "users" WHERE (username = 'Osedo' OR email = 'osedo@gmail.com') ORDER BY "users"."id" ASC LIMIT ?[0m  [["LIMIT", 1]]
  ↳ app/controllers/users_controller.rb:21:in `login'
[31mUnpermitted parameter: :user. Context: { controller: UsersController, action: login, request: #<ActionDispatch::Request:0x00007fac04425538>, params: {"username"=>"Osedo", "password"=>"[FILTERED]", "email"=>"osedo@gmail.com", "controller"=>"users", "action"=>"login", "user"=>{"username"=>"Osedo", "email"=>"osedo@gmail.com"}} }[0m
Completed 200 OK in 308ms (Views: 0.4ms | ActiveRecord: 0.3ms | Allocations: 1647)


Started GET "/users/login/check" for 127.0.0.1 at 2023-03-23 10:57:19 +0300
Processing by UsersController#check_login_status as */*
  Parameters: {"username"=>"Osedo", "password"=>"[FILTERED]", "email"=>"osedo@gmail.com", "user"=>{"username"=>"Osedo", "email"=>"osedo@gmail.com"}}
Completed 500 Internal Server Error in 2ms (ActiveRecord: 1.0ms | Allocations: 1478)


  
NoMethodError (undefined method `-' for "2023-03-23T13:55:03.221Z":String
Did you mean?  -@):
  
app/controllers/application_controller.rb:26:in `session_expired?'
Started GET "/users/login/check" for 127.0.0.1 at 2023-03-23 10:57:35 +0300
Processing by UsersController#check_login_status as */*
  Parameters: {"password"=>"[FILTERED]", "email"=>"osedo@gmail.com", "user"=>{"email"=>"osedo@gmail.com"}}
Completed 500 Internal Server Error in 3ms (ActiveRecord: 0.0ms | Allocations: 1455)


  
NoMethodError (undefined method `-' for "2023-03-23T13:55:03.221Z":String
Did you mean?  -@):
  
app/controllers/application_controller.rb:26:in `session_expired?'
Started GET "/users/login/check" for 127.0.0.1 at 2023-03-23 10:59:50 +0300
Processing by UsersController#check_login_status as */*
  Parameters: {"password"=>"[FILTERED]", "email"=>"osedo@gmail.com", "user"=>{"email"=>"osedo@gmail.com"}}
Completed 200 OK in 2ms (Views: 0.3ms | ActiveRecord: 0.7ms | Allocations: 413)


Started GET "/users/login/check" for 127.0.0.1 at 2023-03-23 11:00:07 +0300
Processing by UsersController#check_login_status as */*
  Parameters: {"username"=>"Osedo", "password"=>"[FILTERED]", "email"=>"osedo@gmail.com", "user"=>{"username"=>"Osedo", "email"=>"osedo@gmail.com"}}
Completed 200 OK in 5ms (Views: 0.7ms | ActiveRecord: 0.0ms | Allocations: 344)


Started DELETE "/users/logout" for 127.0.0.1 at 2023-03-23 11:00:56 +0300
Processing by UsersController#logout as */*
  Parameters: {"username"=>"Osedo", "password"=>"[FILTERED]", "email"=>"osedo@gmail.com", "user"=>{"username"=>"Osedo", "email"=>"osedo@gmail.com"}}
Completed 200 OK in 2ms (Views: 0.2ms | ActiveRecord: 0.0ms | Allocations: 296)


Started DELETE "/users/logout" for 127.0.0.1 at 2023-03-23 11:01:15 +0300
Processing by UsersController#logout as */*
  Parameters: {"username"=>"Osedo", "password"=>"[FILTERED]", "email"=>"osedo@gmail.com", "user"=>{"username"=>"Osedo", "email"=>"osedo@gmail.com"}}
Completed 200 OK in 1ms (Views: 0.3ms | ActiveRecord: 0.8ms | Allocations: 338)


Started GET "/users/login/check" for 127.0.0.1 at 2023-03-23 11:01:33 +0300
Processing by UsersController#check_login_status as */*
  Parameters: {"username"=>"Osedo", "password"=>"[FILTERED]", "email"=>"osedo@gmail.com", "user"=>{"username"=>"Osedo", "email"=>"osedo@gmail.com"}}
Filter chain halted as :session_expired? rendered or redirected
Completed 401 Unauthorized in 2ms (Views: 0.7ms | ActiveRecord: 0.0ms | Allocations: 350)


Started POST "/users/login" for 127.0.0.1 at 2023-03-23 11:04:21 +0300
Processing by UsersController#login as */*
  Parameters: {"username"=>"Osedo", "password"=>"[FILTERED]", "email"=>"osedo@gmail.com", "user"=>{"username"=>"Osedo", "email"=>"osedo@gmail.com"}}
[31mUnpermitted parameter: :user. Context: { controller: UsersController, action: login, request: #<ActionDispatch::Request:0x00007fabec112458>, params: {"username"=>"Osedo", "password"=>"[FILTERED]", "email"=>"osedo@gmail.com", "controller"=>"users", "action"=>"login", "user"=>{"username"=>"Osedo", "email"=>"osedo@gmail.com"}} }[0m
[31mUnpermitted parameter: :user. Context: { controller: UsersController, action: login, request: #<ActionDispatch::Request:0x00007fabec112458>, params: {"username"=>"Osedo", "password"=>"[FILTERED]", "email"=>"osedo@gmail.com", "controller"=>"users", "action"=>"login", "user"=>{"username"=>"Osedo", "email"=>"osedo@gmail.com"}} }[0m
  [1m[36mUser Load (0.3ms)[0m  [1m[34mSELECT "users".* FROM "users" WHERE (username = 'Osedo' OR email = 'osedo@gmail.com') ORDER BY "users"."id" ASC LIMIT ?[0m  [["LIMIT", 1]]
  ↳ app/controllers/users_controller.rb:21:in `login'
[31mUnpermitted parameter: :user. Context: { controller: UsersController, action: login, request: #<ActionDispatch::Request:0x00007fabec112458>, params: {"username"=>"Osedo", "password"=>"[FILTERED]", "email"=>"osedo@gmail.com", "controller"=>"users", "action"=>"login", "user"=>{"username"=>"Osedo", "email"=>"osedo@gmail.com"}} }[0m
Completed 200 OK in 300ms (Views: 0.4ms | ActiveRecord: 0.7ms | Allocations: 2933)


Started GET "/users" for 127.0.0.1 at 2023-03-23 11:04:32 +0300
Processing by UsersController#index as */*
  Parameters: {"username"=>"Osedo", "password"=>"[FILTERED]", "email"=>"osedo@gmail.com", "user"=>{"username"=>"Osedo", "email"=>"osedo@gmail.com"}}
  [1m[36mUser Load (0.3ms)[0m  [1m[34mSELECT "users".* FROM "users"[0m
  ↳ app/controllers/users_controller.rb:16:in `index'
Completed 200 OK in 5ms (Views: 4.0ms | ActiveRecord: 0.3ms | Allocations: 1160)


Started GET "/todos" for 127.0.0.1 at 2023-03-23 11:08:20 +0300
Processing by TodosController#index as HTML
  [1m[36mTodo Load (0.7ms)[0m  [1m[34mSELECT "todos".* FROM "todos"[0m
  ↳ app/controllers/todos_controller.rb:14:in `index'
Completed 200 OK in 52ms (Views: 42.0ms | ActiveRecord: 3.3ms | Allocations: 16511)


Started GET "/favicon.ico" for 127.0.0.1 at 2023-03-23 11:08:21 +0300
  
ActionController::RoutingError (No route matches [GET] "/favicon.ico"):
  
Started GET "/users" for 127.0.0.1 at 2023-03-23 11:08:29 +0300
Processing by UsersController#index as HTML
  [1m[36mUser Load (0.2ms)[0m  [1m[34mSELECT "users".* FROM "users"[0m
  ↳ app/controllers/users_controller.rb:16:in `index'
Completed 200 OK in 5ms (Views: 4.1ms | ActiveRecord: 0.2ms | Allocations: 1123)


Started GET "/users/login" for 127.0.0.1 at 2023-03-23 11:08:33 +0300
  
ActionController::RoutingError (No route matches [GET] "/users/login"):
  
Started GET "/users/login/check" for 127.0.0.1 at 2023-03-23 11:08:48 +0300
Processing by UsersController#check_login_status as HTML
Completed 500 Internal Server Error in 1ms (ActiveRecord: 0.0ms | Allocations: 158)


  
TypeError (no implicit conversion of Time into String):
  
app/controllers/application_controller.rb:26:in `session_expired?'
Started GET "/" for 127.0.0.1 at 2023-03-23 11:09:03 +0300
Processing by Rails::WelcomeController#index as */*
  Parameters: {"username"=>"Osedo", "password"=>"[FILTERED]", "email"=>"osedo@gmail.com", "welcome"=>{"username"=>"Osedo", "password"=>"[FILTERED]", "email"=>"osedo@gmail.com"}}
  Rendering /var/lib/gems/2.7.0/gems/railties-7.0.4.3/lib/rails/templates/rails/welcome/index.html.erb
  Rendered /var/lib/gems/2.7.0/gems/railties-7.0.4.3/lib/rails/templates/rails/welcome/index.html.erb (Duration: 4.0ms | Allocations: 458)
Completed 200 OK in 34ms (Views: 8.5ms | ActiveRecord: 0.0ms | Allocations: 3916)


Started GET "/users/login/check" for 127.0.0.1 at 2023-03-23 11:09:10 +0300
Processing by UsersController#check_login_status as HTML
Completed 500 Internal Server Error in 1ms (ActiveRecord: 0.0ms | Allocations: 158)


  
TypeError (no implicit conversion of Time into String):
  
app/controllers/application_controller.rb:26:in `session_expired?'
Started GET "/users/login/check" for 127.0.0.1 at 2023-03-23 11:09:12 +0300
Processing by UsersController#check_login_status as HTML
Completed 500 Internal Server Error in 1ms (ActiveRecord: 0.0ms | Allocations: 158)


  
TypeError (no implicit conversion of Time into String):
  
app/controllers/application_controller.rb:26:in `session_expired?'
Started GET "/users/register" for 127.0.0.1 at 2023-03-23 11:09:31 +0300
  
ActionController::RoutingError (No route matches [GET] "/users/register"):
  
Started GET "/users" for 127.0.0.1 at 2023-03-23 11:09:47 +0300
Processing by UsersController#index as HTML
  [1m[36mUser Load (0.2ms)[0m  [1m[34mSELECT "users".* FROM "users"[0m
  ↳ app/controllers/users_controller.rb:16:in `index'
Completed 200 OK in 4ms (Views: 3.3ms | ActiveRecord: 0.2ms | Allocations: 1138)


Started GET "/users" for 127.0.0.1 at 2023-03-23 11:11:06 +0300
Processing by UsersController#index as */*
  [1m[36mUser Load (0.2ms)[0m  [1m[34mSELECT "users".* FROM "users"[0m
  ↳ app/controllers/users_controller.rb:16:in `index'
Completed 200 OK in 3ms (Views: 2.6ms | ActiveRecord: 0.2ms | Allocations: 1141)


Started POST "/users/register" for 127.0.0.1 at 2023-03-23 11:11:34 +0300
  
ActionController::RoutingError (No route matches [POST] "/users/register"):
  
Started POST "/users/register" for 127.0.0.1 at 2023-03-23 11:14:34 +0300
  
ActionController::RoutingError (No route matches [POST] "/users/register"):
  
Started GET "/users" for 127.0.0.1 at 2023-03-23 11:15:58 +0300
Processing by UsersController#index as */*
  [1m[36mUser Load (0.2ms)[0m  [1m[34mSELECT "users".* FROM "users"[0m
  ↳ app/controllers/users_controller.rb:16:in `index'
Completed 200 OK in 3ms (Views: 2.8ms | ActiveRecord: 0.2ms | Allocations: 1127)


Started POST "/users/register" for 127.0.0.1 at 2023-03-23 11:16:54 +0300
  
ActionController::RoutingError (No route matches [POST] "/users/register"):
  
Started POST "/users/login" for 127.0.0.1 at 2023-03-23 11:18:05 +0300
Processing by UsersController#login as */*
  Parameters: {"username"=>"Osedo", "email"=>"osedo@gmail.com", "user"=>{"username"=>"Osedo", "email"=>"osedo@gmail.com"}}
[31mUnpermitted parameter: :user. Context: { controller: UsersController, action: login, request: #<ActionDispatch::Request:0x00007fabf8680140>, params: {"username"=>"Osedo", "email"=>"osedo@gmail.com", "controller"=>"users", "action"=>"login", "user"=>{"username"=>"Osedo", "email"=>"osedo@gmail.com"}} }[0m
[31mUnpermitted parameter: :user. Context: { controller: UsersController, action: login, request: #<ActionDispatch::Request:0x00007fabf8680140>, params: {"username"=>"Osedo", "email"=>"osedo@gmail.com", "controller"=>"users", "action"=>"login", "user"=>{"username"=>"Osedo", "email"=>"osedo@gmail.com"}} }[0m
  [1m[36mUser Load (0.3ms)[0m  [1m[34mSELECT "users".* FROM "users" WHERE (username = 'Osedo' OR email = 'osedo@gmail.com') ORDER BY "users"."id" ASC LIMIT ?[0m  [["LIMIT", 1]]
  ↳ app/controllers/users_controller.rb:21:in `login'
[31mUnpermitted parameter: :user. Context: { controller: UsersController, action: login, request: #<ActionDispatch::Request:0x00007fabf8680140>, params: {"username"=>"Osedo", "email"=>"osedo@gmail.com", "controller"=>"users", "action"=>"login", "user"=>{"username"=>"Osedo", "email"=>"osedo@gmail.com"}} }[0m
Completed 401 Unauthorized in 289ms (Views: 0.2ms | ActiveRecord: 0.3ms | Allocations: 1062)


Started POST "/users/login" for 127.0.0.1 at 2023-03-23 11:18:34 +0300
Processing by UsersController#login as */*
  Parameters: {"username"=>"Issah", "email"=>"issanyale446@gmail.com", "user"=>{"username"=>"Issah", "email"=>"issanyale446@gmail.com"}}
[31mUnpermitted parameter: :user. Context: { controller: UsersController, action: login, request: #<ActionDispatch::Request:0x00007fabf860a698>, params: {"username"=>"Issah", "email"=>"issanyale446@gmail.com", "controller"=>"users", "action"=>"login", "user"=>{"username"=>"Issah", "email"=>"issanyale446@gmail.com"}} }[0m
[31mUnpermitted parameter: :user. Context: { controller: UsersController, action: login, request: #<ActionDispatch::Request:0x00007fabf860a698>, params: {"username"=>"Issah", "email"=>"issanyale446@gmail.com", "controller"=>"users", "action"=>"login", "user"=>{"username"=>"Issah", "email"=>"issanyale446@gmail.com"}} }[0m
  [1m[36mUser Load (0.4ms)[0m  [1m[34mSELECT "users".* FROM "users" WHERE (username = 'Issah' OR email = 'issanyale446@gmail.com') ORDER BY "users"."id" ASC LIMIT ?[0m  [["LIMIT", 1]]
  ↳ app/controllers/users_controller.rb:21:in `login'
Completed 401 Unauthorized in 4ms (Views: 0.3ms | ActiveRecord: 0.4ms | Allocations: 899)


Started POST "/users/login" for 127.0.0.1 at 2023-03-23 11:18:54 +0300
Processing by UsersController#login as */*
  Parameters: {"username"=>"Issah", "email"=>"issanyale446@gmail.com", "password"=>"[FILTERED]", "user"=>{"username"=>"Issah", "email"=>"issanyale446@gmail.com"}}
[31mUnpermitted parameter: :user. Context: { controller: UsersController, action: login, request: #<ActionDispatch::Request:0x00007fabf85a6b70>, params: {"username"=>"Issah", "email"=>"issanyale446@gmail.com", "password"=>"[FILTERED]", "controller"=>"users", "action"=>"login", "user"=>{"username"=>"Issah", "email"=>"issanyale446@gmail.com"}} }[0m
[31mUnpermitted parameter: :user. Context: { controller: UsersController, action: login, request: #<ActionDispatch::Request:0x00007fabf85a6b70>, params: {"username"=>"Issah", "email"=>"issanyale446@gmail.com", "password"=>"[FILTERED]", "controller"=>"users", "action"=>"login", "user"=>{"username"=>"Issah", "email"=>"issanyale446@gmail.com"}} }[0m
  [1m[36mUser Load (0.3ms)[0m  [1m[34mSELECT "users".* FROM "users" WHERE (username = 'Issah' OR email = 'issanyale446@gmail.com') ORDER BY "users"."id" ASC LIMIT ?[0m  [["LIMIT", 1]]
  ↳ app/controllers/users_controller.rb:21:in `login'
Completed 401 Unauthorized in 3ms (Views: 0.2ms | ActiveRecord: 0.3ms | Allocations: 913)


